<?xml version="1.0" encoding="UTF-8"?>
<coverage generated="1685731919158" clover="3.2.0">
  <project timestamp="1685731919158" name="All files">
    <metrics statements="19" coveredstatements="17" conditionals="2" coveredconditionals="0" methods="6" coveredmethods="6" elements="27" coveredelements="23" complexity="0" loc="19" ncloc="19" packages="1" files="2" classes="2"/>
    <file name="moduleA.ts" path="/Users/leo/Documents/codes/leo-playground/packages/jest/src/moduleA.ts">
      <metrics statements="11" coveredstatements="10" conditionals="1" coveredconditionals="0" methods="2" coveredmethods="2"/>
      <line num="1" count="1" type="stmt"/>
      <line num="3" count="1" type="stmt"/>
      <line num="7" count="1" type="stmt"/>
      <line num="10" count="1" type="stmt"/>
      <line num="11" count="1" type="stmt"/>
      <line num="12" count="1" type="stmt"/>
      <line num="13" count="1" type="cond" truecount="0" falsecount="1"/>
      <line num="14" count="0" type="stmt"/>
      <line num="17" count="1" type="stmt"/>
      <line num="18" count="1" type="stmt"/>
      <line num="20" count="1" type="stmt"/>
    </file>
    <file name="moduleB.ts" path="/Users/leo/Documents/codes/leo-playground/packages/jest/src/moduleB.ts">
      <metrics statements="8" coveredstatements="7" conditionals="1" coveredconditionals="0" methods="4" coveredmethods="4"/>
      <line num="1" count="1" type="stmt"/>
      <line num="3" count="1" type="stmt"/>
      <line num="5" count="1" type="stmt"/>
      <line num="9" count="1" type="cond" truecount="0" falsecount="1"/>
      <line num="10" count="0" type="stmt"/>
      <line num="13" count="1" type="stmt"/>
      <line num="17" count="1" type="stmt"/>
      <line num="21" count="1" type="stmt"/>
    </file>
  </project>
</coverage>
