TN:
SF:src/moduleA.ts
FN:6,(anonymous_0)
FN:10,(anonymous_1)
FNF:2
FNH:2
FNDA:1,(anonymous_0)
FNDA:1,(anonymous_1)
DA:1,1
DA:3,1
DA:7,1
DA:10,1
DA:11,1
DA:12,1
DA:13,1
DA:14,0
DA:17,1
DA:18,1
DA:20,1
LF:11
LH:10
BRDA:13,0,0,0
BRF:1
BRH:0
end_of_record
TN:
SF:src/moduleB.ts
FN:4,(anonymous_0)
FN:8,(anonymous_1)
FN:16,(anonymous_2)
FN:20,(anonymous_3)
FNF:4
FNH:4
FNDA:1,(anonymous_0)
FNDA:1,(anonymous_1)
FNDA:1,(anonymous_2)
FNDA:1,(anonymous_3)
DA:1,1
DA:3,1
DA:5,1
DA:9,1
DA:10,0
DA:13,1
DA:17,1
DA:21,1
LF:8
LH:7
BRDA:9,0,0,0
BRF:1
BRH:0
end_of_record
